  Log Name: Microsoft-Windows-TaskScheduler/Operational
  Source: Microsoft-Windows-TaskScheduler
  Date: 2015-12-25T10:25:26.206
  Event ID: 101
  Task: Task Start Failed
  Level: Error
  Opcode: Launch Failure
  Keyword: N/A
  User: S-1-5-18
  User Name: NT AUTHORITY\SYSTEM
  Computer: ATAC-PRD02.dc.nova
  Description: 
Task Scheduler failed to start "\Tmsr\888_Site" task for user "DCNOVA\svc_atacado". Additional Data: Error Value: 2147750687.

Event[103]:
  Log Name: Microsoft-Windows-TaskScheduler/Operational
  Source: Microsoft-Windows-TaskScheduler
  Date: 2015-12-25T10:25:26.206
  Event ID: 322
  Task: Launch request ignored, instance already running
  Level: Warning
  Opcode: Info
  Keyword: N/A
  User: S-1-5-18
  User Name: NT AUTHORITY\SYSTEM
  Computer: ATAC-PRD02.dc.nova
  Description: 
Task Scheduler did not launch task "\Tmsr\888_Site"  because instance "{A0731EEA-E3C7-471C-B443-5B08CF5B48A8}"  of the same task is already running.

Event[104]:
  Log Name: Microsoft-Windows-TaskScheduler/Operational
  Source: Microsoft-Windows-TaskScheduler
  Date: 2015-12-25T09:56:48.002
  Event ID: 101
  Task: Task Start Failed
  Level: Error
  Opcode: Launch Failure
  Keyword: N/A
  User: S-1-5-18
  User Name: NT AUTHORITY\SYSTEM
  Computer: ATAC-PRD02.dc.nova
  Description: 
Task Scheduler failed to start "\Tmsr\999_Impostos" task for user "DCNOVA\svc_atacado". Additional Data: Error Value: 2147750687.

Event[105]:
  Log Name: Microsoft-Windows-TaskScheduler/Operational
  Source: Microsoft-Windows-TaskScheduler
  Date: 2015-12-25T09:56:48.002
  Event ID: 322
  Task: Launch request ignored, instance already running
  Level: Warning
  Opcode: Info
  Keyword: N/A
  User: S-1-5-18
  User Name: NT AUTHORITY\SYSTEM
  Computer: ATAC-PRD02.dc.nova
  Description: 
Task Scheduler did not launch task "\Tmsr\999_Impostos"  because instance "{2DCD279E-B5FB-428E-8A53-523ADDF5EE01}"  of the same task is already running.

Event[106]:
  Log Name: Microsoft-Windows-TaskScheduler/Operational
  Source: Microsoft-Windows-TaskScheduler
  Date: 2015-12-25T07:56:48.009
  Event ID: 101
  Task: Task Start Failed
  Level: Error
  Opcode: Launch Failure
  Keyword: N/A
  User: S-1-5-18
  User Name: NT AUTHORITY\SYSTEM
  Computer: ATAC-PRD02.dc.nova
  Description: 
Task Scheduler failed to start "\Tmsr\999_Impostos" task for user "DCNOVA\svc_atacado". Additional Data: Error Value: 2147750687.

Event[107]:
  Log Name: Microsoft-Windows-TaskScheduler/Operational
  Source: Microsoft-Windows-TaskScheduler
  Date: 2015-12-25T07:56:48.009
  Event ID: 322
  Task: Launch request ignored, instance already running
  Level: Warning
  Opcode: Info
  Keyword: N/A
  User: S-1-5-18
  User Name: NT AUTHORITY\SYSTEM
  Computer: ATAC-PRD02.dc.nova
  Description: 
Task Scheduler did not launch task "\Tmsr\999_Impostos"  because instance "{2DCD279E-B5FB-428E-8A53-523ADDF5EE01}"  of the same task is already running.

Event[108]:
  Log Name: Microsoft-Windows-TaskScheduler/Operational
  Source: Microsoft-Windows-TaskScheduler
  Date: 2015-12-25T07:25:26.204
  Event ID: 101
  Task: Task Start Failed
  Level: Error
  Opcode: Launch Failure
  Keyword: N/A
  User: S-1-5-18
  User Name: NT AUTHORITY\SYSTEM
  Computer: ATAC-PRD02.dc.nova
  Description: 
Task Scheduler failed to start "\Tmsr\888_Site" task for user "DCNOVA\svc_atacado". Additional Data: Error Value: 2147750687.

Event[109]:
  Log Name: Microsoft-Windows-TaskScheduler/Operational
  Source: Microsoft-Windows-TaskScheduler
  Date: 2015-12-25T07:25:26.204
  Event ID: 322
  Task: Launch request ignored, instance already running
  Level: Warning
  Opcode: Info
  Keyword: N/A
  User: S-1-5-18
  User Name: NT AUTHORITY\SYSTEM
  Computer: ATAC-PRD02.dc.nova
  Description: 
Task Scheduler did not launch task "\Tmsr\888_Site"  because instance "{FE3E890E-A3EE-49D5-A7C1-DB21114839CB}"  of the same task is already running.

Event[110]:
  Log Name: Microsoft-Windows-TaskScheduler/Operational
  Source: Microsoft-Windows-TaskScheduler
  Date: 2015-12-25T05:56:48.003
  Event ID: 101
  Task: Task Start Failed
  Level: Error
  Opcode: Launch Failure
  Keyword: N/A
  User: S-1-5-18
  User Name: NT AUTHORITY\SYSTEM
  Computer: ATAC-PRD02.dc.nova
  Description: 
Task Scheduler failed to start "\Tmsr\999_Impostos" task for user "DCNOVA\svc_atacado". Additional Data: Error Value: 2147750687.

Event[111]:
  Log Name: Microsoft-Windows-TaskScheduler/Operational
  Source: Microsoft-Windows-TaskScheduler
  Date: 2015-12-25T05:56:48.003
  Event ID: 322
  Task: Launch request ignored, instance already running
  Level: Warning
  Opcode: Info
  Keyword: N/A
  User: S-1-5-18
  User Name: NT AUTHORITY\SYSTEM
  Computer: ATAC-PRD02.dc.nova
  Description: 
Task Scheduler did not launch task "\Tmsr\999_Impostos"  because instance "{2DCD279E-B5FB-428E-8A53-523ADDF5EE01}"  of the same task is already running.

Event[112]:
  Log Name: Microsoft-Windows-TaskScheduler/Operational
  Source: Microsoft-Windows-TaskScheduler
  Date: 2015-12-25T03:56:48.009
  Event ID: 101
  Task: Task Start Failed
  Level: Error
  Opcode: Launch Failure
  Keyword: N/A
  User: S-1-5-18
  User Name: NT AUTHORITY\SYSTEM
  Computer: ATAC-PRD02.dc.nova
  Description: 
Task Scheduler failed to start "\Tmsr\999_Impostos" task for user "DCNOVA\svc_atacado". Additional Data: Error Value: 2147750687.

Event[113]:
  Log Name: Microsoft-Windows-TaskScheduler/Operational
  Source: Microsoft-Windows-TaskScheduler
  Date: 2015-12-25T03:56:48.009
  Event ID: 322
  Task: Launch request ignored, instance already running
  Level: Warning
  Opcode: Info
  Keyword: N/A
  User: S-1-5-18
  User Name: NT AUTHORITY\SYSTEM
  Computer: ATAC-PRD02.dc.nova
  Description: 
Task Scheduler did not launch task "\Tmsr\999_Impostos"  because instance "{2DCD279E-B5FB-428E-8A53-523ADDF5EE01}"  of the same task is already running.

Event[114]:
  Log Name: Microsoft-Windows-TaskScheduler/Operational
  Source: Microsoft-Windows-TaskScheduler
  Date: 2015-12-25T02:54:35.001
  Event ID: 101
  Task: Task Start Failed
  Level: Error
  Opcode: Launch Failure
  Keyword: N/A
  User: S-1-5-18
  User Name: NT AUTHORITY\SYSTEM
  Computer: ATAC-PRD02.dc.nova
  Description: 
Task Scheduler failed to start "\Tmsr\899_Produtos" task for user "DCNOVA\svc_atacado". Additional Data: Error Value: 2147750687.

Event[115]:
  Log Name: Microsoft-Windows-TaskScheduler/Operational
  Source: Microsoft-Windows-TaskScheduler
  Date: 2015-12-25T02:54:35.001
  Event ID: 322
  Task: Launch request ignored, instance already running
  Level: Warning
  Opcode: Info
  Keyword: N/A
  User: S-1-5-18
  User Name: NT AUTHORITY\SYSTEM
  Computer: ATAC-PRD02.dc.nova
  Description: 
Task Scheduler did not launch task "\Tmsr\899_Produtos"  because instance "{587BF15F-8A95-4B89-A34C-3CF37FDC9FB8}"  of the same task is already running.

Event[116]:
  Log Name: Microsoft-Windows-TaskScheduler/Operational
  Source: Microsoft-Windows-TaskScheduler
  Date: 2015-12-25T01:54:35.010
  Event ID: 101
  Task: Task Start Failed
  Level: Error
  Opcode: Launch Failure
  Keyword: N/A
  User: S-1-5-18
  User Name: NT AUTHORITY\SYSTEM
  Computer: ATAC-PRD02.dc.nova
  Description: 
Task Scheduler failed to start "\Tmsr\899_Produtos" task for user "DCNOVA\svc_atacado". Additional Data: Error Value: 2147750687.

Event[117]:
  Log Name: Microsoft-Windows-TaskScheduler/Operational
  Source: Microsoft-Windows-TaskScheduler
  Date: 2015-12-25T01:54:35.010
  Event ID: 322
  Task: Launch request ignored, instance already running
  Level: Warning
  Opcode: Info
  Keyword: N/A
  User: S-1-5-18
  User Name: NT AUTHORITY\SYSTEM
  Computer: ATAC-PRD02.dc.nova
  Description: 
Task Scheduler did not launch task "\Tmsr\899_Produtos"  because instance "{C848603F-3CB3-4720-ADEE-BBAAA58F00A4}"  of the same task is already running.

Event[118]:
  Log Name: Microsoft-Windows-TaskScheduler/Operational
  Source: Microsoft-Windows-TaskScheduler
  Date: 2015-12-25T01:25:26.204
  Event ID: 101
  Task: Task Start Failed
  Level: Error
  Opcode: Launch Failure
  Keyword: N/A
  User: S-1-5-18
  User Name: NT AUTHORITY\SYSTEM
  Computer: ATAC-PRD02.dc.nova
  Description: 
Task Scheduler failed to start "\Tmsr\888_Site" task for user "DCNOVA\svc_atacado". Additional Data: Error Value: 2147750687.

Event[119]:
  Log Name: Microsoft-Windows-TaskScheduler/Operational
  Source: Microsoft-Windows-TaskScheduler
  Date: 2015-12-25T01:25:26.204
  Event ID: 322
  Task: Launch request ignored, instance already running
  Level: Warning
  Opcode: Info
  Keyword: N/A
  User: S-1-5-18
  User Name: NT AUTHORITY\SYSTEM
  Computer: ATAC-PRD02.dc.nova
  Description: 
Task Scheduler did not launch task "\Tmsr\888_Site"  because instance "{DA38623A-1275-4D30-8807-5CAF4EC52305}"  of the same task is already running.

Event[120]:
  Log Name: Microsoft-Windows-TaskScheduler/Operational
  Source: Microsoft-Windows-TaskScheduler
  Date: 2015-12-25T01:24:35.004
  Event ID: 101
  Task: Task Start Failed
  Level: Error
  Opcode: Launch Failure
  Keyword: N/A
  User: S-1-5-18
  User Name: NT AUTHORITY\SYSTEM
  Computer: ATAC-PRD02.dc.nova
  Description: 
Task Scheduler failed to start "\Tmsr\899_Produtos" task for user "DCNOVA\svc_atacado". Additional Data: Error Value: 2147750687.

Event[121]:
  Log Name: Microsoft-Windows-TaskScheduler/Operational
  Source: Microsoft-Windows-TaskScheduler
  Date: 2015-12-25T01:24:35.004
  Event ID: 322
  Task: Launch request ignored, instance already running
  Level: Warning
  Opcode: Info
  Keyword: N/A
  User: S-1-5-18
  User Name: NT AUTHORITY\SYSTEM
  Computer: ATAC-PRD02.dc.nova
  Description: 
Task Scheduler did not launch task "\Tmsr\899_Produtos"  because instance "{C848603F-3CB3-4720-ADEE-BBAAA58F00A4}"  of the same task is already running.

Event[122]:
  Log Name: Microsoft-Windows-TaskScheduler/Operational
  Source: Microsoft-Windows-TaskScheduler
  Date: 2015-12-25T00:54:35.012
  Event ID: 101
  Task: Task Start Failed
  Level: Error
  Opcode: Launch Failure
  Keyword: N/A
  User: S-1-5-18
  User Name: NT AUTHORITY\SYSTEM
  Computer: ATAC-PRD02.dc.nova
  Description: 
Task Scheduler failed to start "\Tmsr\899_Produtos" task for user "DCNOVA\svc_atacado". Additional Data: Error Value: 2147750687.

Event[123]:
  Log Name: Microsoft-Windows-TaskScheduler/Operational
  Source: Microsoft-Windows-TaskScheduler
  Date: 2015-12-25T00:54:35.012
  Event ID: 322
  Task: Launch request ignored, instance already running
  Level: Warning
  Opcode: Info
  Keyword: N/A
  User: S-1-5-18
  User Name: NT AUTHORITY\SYSTEM
  Computer: ATAC-PRD02.dc.nova
  Description: 
Task Scheduler did not launch task "\Tmsr\899_Produtos"  because instance "{C848603F-3CB3-4720-ADEE-BBAAA58F00A4}"  of the same task is already running.

Event[124]:
  Log Name: Microsoft-Windows-TaskScheduler/Operational
  Source: Microsoft-Windows-TaskScheduler
  Date: 2015-12-25T00:24:35.005
  Event ID: 101
  Task: Task Start Failed
  Level: Error
  Opcode: Launch Failure
  Keyword: N/A
  User: S-1-5-18
  User Name: NT AUTHORITY\SYSTEM
  Computer: ATAC-PRD02.dc.nova
  Description: 
Task Scheduler failed to start "\Tmsr\899_Produtos" task for user "DCNOVA\svc_atacado". Additional Data: Error Value: 2147750687.

Event[125]:
  Log Name: Microsoft-Windows-TaskScheduler/Operational
  Source: Microsoft-Windows-TaskScheduler
  Date: 2015-12-25T00:24:35.005
  Event ID: 322
  Task: Launch request ignored, instance already running
  Level: Warning
  Opcode: Info
  Keyword: N/A
  User: S-1-5-18
  User Name: NT AUTHORITY\SYSTEM
  Computer: ATAC-PRD02.dc.nova
  Description: 
Task Scheduler did not launch task "\Tmsr\899_Produtos"  because instance "{C848603F-3CB3-4720-ADEE-BBAAA58F00A4}"  of the same task is already running.

Event[126]:
  Log Name: Microsoft-Windows-TaskScheduler/Operational
  Source: Microsoft-Windows-TaskScheduler
  Date: 2015-12-24T23:56:48.000
