Event[0]:
  Log Name: Microsoft-Windows-TaskScheduler/Operational
  Source: Microsoft-Windows-TaskScheduler
  Date: 2015-12-28T14:54:35.019
  Event ID: 101
  Task: Task Start Failed
  Level: Error
  Opcode: Launch Failure
  Keyword: N/A
  User: S-1-5-18
  User Name: NT AUTHORITY\SYSTEM
  Computer: ATAC-PRD02.dc.nova
  Description: 
Task Scheduler failed to start "\Tmsr\899_Produtos" task for user "DCNOVA\svc_atacado". Additional Data: Error Value: 2147750687.

Event[1]:
  Log Name: Microsoft-Windows-TaskScheduler/Operational
  Source: Microsoft-Windows-TaskScheduler
  Date: 2015-12-28T14:54:35.019
  Event ID: 322
  Task: Launch request ignored, instance already running
  Level: Warning
  Opcode: Info
  Keyword: N/A
  User: S-1-5-18
  User Name: NT AUTHORITY\SYSTEM
  Computer: ATAC-PRD02.dc.nova
  Description: 
Task Scheduler did not launch task "\Tmsr\899_Produtos"  because instance "{45E2F277-8A05-4CE5-95CF-6F076477BC80}"  of the same task is already running.

Event[2]:
  Log Name: Microsoft-Windows-TaskScheduler/Operational
  Source: Microsoft-Windows-TaskScheduler
  Date: 2015-12-28T14:08:16.211
  Event ID: 101
  Task: Task Start Failed
  Level: Error
  Opcode: Launch Failure
  Keyword: N/A
  User: S-1-5-18
  User Name: NT AUTHORITY\SYSTEM
  Computer: ATAC-PRD02.dc.nova
  Description: 
Task Scheduler failed to start "\Tmsr\799_LITE" task for user "DCNOVA\svc_atacado". Additional Data: Error Value: 2147750687.

Event[3]:
  Log Name: Microsoft-Windows-TaskScheduler/Operational
  Source: Microsoft-Windows-TaskScheduler
  Date: 2015-12-28T14:08:16.211
  Event ID: 322
  Task: Launch request ignored, instance already running
  Level: Warning
  Opcode: Info
  Keyword: N/A
  User: S-1-5-18
  User Name: NT AUTHORITY\SYSTEM
  Computer: ATAC-PRD02.dc.nova
  Description: 
Task Scheduler did not launch task "\Tmsr\799_LITE"  because instance "{876099FE-7B13-4FF9-BD6E-06C6C7A67194}"  of the same task is already running.

Event[4]:
  Log Name: Microsoft-Windows-TaskScheduler/Operational
  Source: Microsoft-Windows-TaskScheduler
  Date: 2015-12-28T13:56:47.998
  Event ID: 101
  Task: Task Start Failed
  Level: Error
  Opcode: Launch Failure
  Keyword: N/A
  User: S-1-5-18
  User Name: NT AUTHORITY\SYSTEM
  Computer: ATAC-PRD02.dc.nova
  Description: 
Task Scheduler failed to start "\Tmsr\999_Impostos" task for user "DCNOVA\svc_atacado". Additional Data: Error Value: 2147750687.

Event[5]:
  Log Name: Microsoft-Windows-TaskScheduler/Operational
  Source: Microsoft-Windows-TaskScheduler
  Date: 2015-12-28T13:56:47.998
  Event ID: 322
  Task: Launch request ignored, instance already running
  Level: Warning
  Opcode: Info
  Keyword: N/A
  User: S-1-5-18
  User Name: NT AUTHORITY\SYSTEM
  Computer: ATAC-PRD02.dc.nova
  Description: 
Task Scheduler did not launch task "\Tmsr\999_Impostos"  because instance "{74A3F75D-55E0-4BE2-B804-CD4468A9BA20}"  of the same task is already running.

Event[6]:
  Log Name: Microsoft-Windows-TaskScheduler/Operational
  Source: Microsoft-Windows-TaskScheduler
  Date: 2015-12-28T13:24:34.950
  Event ID: 101
  Task: Task Start Failed
  Level: Error
  Opcode: Launch Failure
  Keyword: N/A
  User: S-1-5-18
  User Name: NT AUTHORITY\SYSTEM
  Computer: ATAC-PRD02.dc.nova
  Description: 
Task Scheduler failed to start "\Tmsr\899_Produtos" task for user "DCNOVA\svc_atacado". Additional Data: Error Value: 2147750687.

Event[7]:
  Log Name: Microsoft-Windows-TaskScheduler/Operational
  Source: Microsoft-Windows-TaskScheduler
  Date: 2015-12-28T13:24:34.950
  Event ID: 322
  Task: Launch request ignored, instance already running
  Level: Warning
  Opcode: Info
  Keyword: N/A
  User: S-1-5-18
  User Name: NT AUTHORITY\SYSTEM
  Computer: ATAC-PRD02.dc.nova
  Description: 
Task Scheduler did not launch task "\Tmsr\899_Produtos"  because instance "{FC5E0CE9-66C6-48F7-A18C-7CEB1EC0998C}"  of the same task is already running.

Event[8]:
  Log Name: Microsoft-Windows-TaskScheduler/Operational
  Source: Microsoft-Windows-TaskScheduler
  Date: 2015-12-28T12:54:35.013
  Event ID: 101
  Task: Task Start Failed
  Level: Error
  Opcode: Launch Failure
  Keyword: N/A
  User: S-1-5-18
  User Name: NT AUTHORITY\SYSTEM
  Computer: ATAC-PRD02.dc.nova
  Description: 
Task Scheduler failed to start "\Tmsr\899_Produtos" task for user "DCNOVA\svc_atacado". Additional Data: Error Value: 2147750687.

Event[9]:
  Log Name: Microsoft-Windows-TaskScheduler/Operational
  Source: Microsoft-Windows-TaskScheduler
  Date: 2015-12-28T12:54:35.013
  Event ID: 322
  Task: Launch request ignored, instance already running
  Level: Warning
  Opcode: Info
  Keyword: N/A
  User: S-1-5-18
  User Name: NT AUTHORITY\SYSTEM
  Computer: ATAC-PRD02.dc.nova
  Description: 
Task Scheduler did not launch task "\Tmsr\899_Produtos"  because instance "{FC5E0CE9-66C6-48F7-A18C-7CEB1EC0998C}"  of the same task is already running.

Event[10]:
  Log Name: Microsoft-Windows-TaskScheduler/Operational
  Source: Microsoft-Windows-TaskScheduler
  Date: 2015-12-28T12:24:35.001
  Event ID: 101
  Task: Task Start Failed
  Level: Error
  Opcode: Launch Failure
  Keyword: N/A
  User: S-1-5-18
  User Name: NT AUTHORITY\SYSTEM
  Computer: ATAC-PRD02.dc.nova
  Description: 
Task Scheduler failed to start "\Tmsr\899_Produtos" task for user "DCNOVA\svc_atacado". Additional Data: Error Value: 2147750687.

Event[11]:
  Log Name: Microsoft-Windows-TaskScheduler/Operational
  Source: Microsoft-Windows-TaskScheduler
  Date: 2015-12-28T12:24:35.001
  Event ID: 322
  Task: Launch request ignored, instance already running
  Level: Warning
  Opcode: Info
  Keyword: N/A
  User: S-1-5-18
  User Name: NT AUTHORITY\SYSTEM
  Computer: ATAC-PRD02.dc.nova
  Description: 
Task Scheduler did not launch task "\Tmsr\899_Produtos"  because instance "{FC5E0CE9-66C6-48F7-A18C-7CEB1EC0998C}"  of the same task is already running.

Event[12]:
  Log Name: Microsoft-Windows-TaskScheduler/Operational
  Source: Microsoft-Windows-TaskScheduler
  Date: 2015-12-28T11:56:48.013
  Event ID: 101
  Task: Task Start Failed
  Level: Error
  Opcode: Launch Failure
  Keyword: N/A
  User: S-1-5-18
  User Name: NT AUTHORITY\SYSTEM
  Computer: ATAC-PRD02.dc.nova
  Description: 
Task Scheduler failed to start "\Tmsr\999_Impostos" task for user "DCNOVA\svc_atacado". Additional Data: Error Value: 2147750687.

Event[13]:
  Log Name: Microsoft-Windows-TaskScheduler/Operational
  Source: Microsoft-Windows-TaskScheduler
  Date: 2015-12-28T11:56:48.013
  Event ID: 322
  Task: Launch request ignored, instance already running
  Level: Warning
  Opcode: Info
  Keyword: N/A
  User: S-1-5-18
  User Name: NT AUTHORITY\SYSTEM
  Computer: ATAC-PRD02.dc.nova
  Description: 
Task Scheduler did not launch task "\Tmsr\999_Impostos"  because instance "{74A3F75D-55E0-4BE2-B804-CD4468A9BA20}"  of the same task is already running.

Event[14]:
  Log Name: Microsoft-Windows-TaskScheduler/Operational
  Source: Microsoft-Windows-TaskScheduler
  Date: 2015-12-28T11:54:35.007
  Event ID: 101
  Task: Task Start Failed
  Level: Error
  Opcode: Launch Failure
  Keyword: N/A
  User: S-1-5-18
  User Name: NT AUTHORITY\SYSTEM
  Computer: ATAC-PRD02.dc.nova
  Description: 
Task Scheduler failed to start "\Tmsr\899_Produtos" task for user "DCNOVA\svc_atacado". Additional Data: Error Value: 2147750687.

Event[15]:
  Log Name: Microsoft-Windows-TaskScheduler/Operational
  Source: Microsoft-Windows-TaskScheduler
  Date: 2015-12-28T11:54:35.007
  Event ID: 322
  Task: Launch request ignored, instance already running
  Level: Warning
  Opcode: Info
  Keyword: N/A
  User: S-1-5-18
  User Name: NT AUTHORITY\SYSTEM
  Computer: ATAC-PRD02.dc.nova
  Description: 
Task Scheduler did not launch task "\Tmsr\899_Produtos"  because instance "{FC5E0CE9-66C6-48F7-A18C-7CEB1EC0998C}"  of the same task is already running.

Event[16]:
  Log Name: Microsoft-Windows-TaskScheduler/Operational
  Source: Microsoft-Windows-TaskScheduler
  Date: 2015-12-28T10:54:35.003
  Event ID: 101
  Task: Task Start Failed
  Level: Error
  Opcode: Launch Failure
  Keyword: N/A
  User: S-1-5-18
  User Name: NT AUTHORITY\SYSTEM
  Computer: ATAC-PRD02.dc.nova
  Description: 
Task Scheduler failed to start "\Tmsr\899_Produtos" task for user "DCNOVA\svc_atacado". Additional Data: Error Value: 2147750687.

Event[17]:
  Log Name: Microsoft-Windows-TaskScheduler/Operational
  Source: Microsoft-Windows-TaskScheduler
  Date: 2015-12-28T10:54:35.003
  Event ID: 322
  Task: Launch request ignored, instance already running
  Level: Warning
  Opcode: Info
  Keyword: N/A
  User: S-1-5-18
  User Name: NT AUTHORITY\SYSTEM
  Computer: ATAC-PRD02.dc.nova
  Description: 
Task Scheduler did not launch task "\Tmsr\899_Produtos"  because instance "{E78D070F-1757-446E-83EF-2E031251CEF8}"  of the same task is already running.

Event[18]:
  Log Name: Microsoft-Windows-TaskScheduler/Operational
  Source: Microsoft-Windows-TaskScheduler
  Date: 2015-12-28T07:56:48.010
  Event ID: 101
  Task: Task Start Failed
  Level: Error
  Opcode: Launch Failure
  Keyword: N/A
  User: S-1-5-18
  User Name: NT AUTHORITY\SYSTEM
  Computer: ATAC-PRD02.dc.nova
  Description: 
Task Scheduler failed to start "\Tmsr\999_Impostos" task for user "DCNOVA\svc_atacado". Additional Data: Error Value: 2147750687.

Event[19]:
  Log Name: Microsoft-Windows-TaskScheduler/Operational
  Source: Microsoft-Windows-TaskScheduler
  Date: 2015-12-28T07:56:48.010
  Event ID: 322
  Task: Launch request ignored, instance already running
  Level: Warning
  Opcode: Info
  Keyword: N/A
  User: S-1-5-18
  User Name: NT AUTHORITY\SYSTEM
  Computer: ATAC-PRD02.dc.nova
  Description: 
Task Scheduler did not launch task "\Tmsr\999_Impostos"  because instance "{914CB39F-CF49-44D2-9730-136D716F1CB1}"  of the same task is already running.

Event[20]:
  Log Name: Microsoft-Windows-TaskScheduler/Operational
  Source: Microsoft-Windows-TaskScheduler
  Date: 2015-12-28T05:56:48.001
  Event ID: 101
  Task: Task Start Failed
  Level: Error
  Opcode: Launch Failure
  Keyword: N/A
  User: S-1-5-18
  User Name: NT AUTHORITY\SYSTEM
  Computer: ATAC-PRD02.dc.nova
  Description: 
Task Scheduler failed to start "\Tmsr\999_Impostos" task for user "DCNOVA\svc_atacado". Additional Data: Error Value: 2147750687.

Event[21]:
  Log Name: Microsoft-Windows-TaskScheduler/Operational
  Source: Microsoft-Windows-TaskScheduler
  Date: 2015-12-28T05:56:48.001
  Event ID: 322
  Task: Launch request ignored, instance already running
  Level: Warning
  Opcode: Info
  Keyword: N/A
  User: S-1-5-18
  User Name: NT AUTHORITY\SYSTEM
  Computer: ATAC-PRD02.dc.nova
  Description: 
Task Scheduler did not launch task "\Tmsr\999_Impostos"  because instance "{914CB39F-CF49-44D2-9730-136D716F1CB1}"  of the same task is already running.

Event[22]:
  Log Name: Microsoft-Windows-TaskScheduler/Operational
  Source: Microsoft-Windows-TaskScheduler
  Date: 2015-12-28T03:56:48.009
  Event ID: 101
  Task: Task Start Failed
  Level: Error
  Opcode: Launch Failure
  Keyword: N/A
  User: S-1-5-18
  User Name: NT AUTHORITY\SYSTEM
  Computer: ATAC-PRD02.dc.nova
  Description: 
Task Scheduler failed to start "\Tmsr\999_Impostos" task for user "DCNOVA\svc_atacado". Additional Data: Error Value: 2147750687.

Event[23]:
  Log Name: Microsoft-Windows-TaskScheduler/Operational
  Source: Microsoft-Windows-TaskScheduler
  Date: 2015-12-28T03:56:48.009
  Event ID: 322
  Task: Launch request ignored, instance already running
  Level: Warning
  Opcode: Info
  Keyword: N/A
  User: S-1-5-18
  User Name: NT AUTHORITY\SYSTEM
  Computer: ATAC-PRD02.dc.nova
  Description: 
Task Scheduler did not launch task "\Tmsr\999_Impostos"  because instance "{914CB39F-CF49-44D2-9730-136D716F1CB1}"  of the same task is already running.

Event[24]:
  Log Name: Microsoft-Windows-TaskScheduler/Operational
  Source: Microsoft-Windows-TaskScheduler
  Date: 2015-12-28T03:08:16.214
  Event ID: 101
  Task: Task Start Failed
  Level: Error
  Opcode: Launch Failure
  Keyword: N/A
  User: S-1-5-18
  User Name: NT AUTHORITY\SYSTEM
  Computer: ATAC-PRD02.dc.nova
  Description: 
Task Scheduler failed to start "\Tmsr\799_LITE" task for user "DCNOVA\svc_atacado". Additional Data: Error Value: 2147750687.

Event[25]:
  Log Name: Microsoft-Windows-TaskScheduler/Operational
  Source: Microsoft-Windows-TaskScheduler
  Date: 2015-12-28T03:08:16.214
  Event ID: 322
  Task: Launch request ignored, instance already running
  Level: Warning
  Opcode: Info
  Keyword: N/A
  User: S-1-5-18
  User Name: NT AUTHORITY\SYSTEM
  Computer: ATAC-PRD02.dc.nova
  Description: 
Task Scheduler did not launch task "\Tmsr\799_LITE"  because instance "{FC1EB408-D2DE-418A-8483-70573DAFC803}"  of the same task is already running.

Event[26]:
  Log Name: Microsoft-Windows-TaskScheduler/Operational
  Source: Microsoft-Windows-TaskScheduler
  Date: 2015-12-28T01:56:48.004
  Event ID: 101
  Task: Task Start Failed
  Level: Error
  Opcode: Launch Failure
  Keyword: N/A
  User: S-1-5-18
  User Name: NT AUTHORITY\SYSTEM
  Computer: ATAC-PRD02.dc.nova
  Description: 
Task Scheduler failed to start "\Tmsr\999_Impostos" task for user "DCNOVA\svc_atacado". Additional Data: Error Value: 2147750687.

Event[27]:
  Log Name: Microsoft-Windows-TaskScheduler/Operational
  Source: Microsoft-Windows-TaskScheduler
  Date: 2015-12-28T01:56:48.004
  Event ID: 322
  Task: Launch request ignored, instance already running
  Level: Warning
  Opcode: Info
  Keyword: N/A
  User: S-1-5-18
  User Name: NT AUTHORITY\SYSTEM
  Computer: ATAC-PRD02.dc.nova
  Description: 
Task Scheduler did not launch task "\Tmsr\999_Impostos"  because instance "{914CB39F-CF49-44D2-9730-136D716F1CB1}"  of the same task is already running.

Event[28]:
  Log Name: Microsoft-Windows-TaskScheduler/Operational
  Source: Microsoft-Windows-TaskScheduler
  Date: 2015-12-27T21:56:48.001
  Event ID: 101
  Task: Task Start Failed
  Level: Error
  Opcode: Launch Failure
  Keyword: N/A
  User: S-1-5-18
  User Name: NT AUTHORITY\SYSTEM
  Computer: ATAC-PRD02.dc.nova
  Description: 
Task Scheduler failed to start "\Tmsr\999_Impostos" task for user "DCNOVA\svc_atacado". Additional Data: Error Value: 2147750687.

Event[29]:
  Log Name: Microsoft-Windows-TaskScheduler/Operational
  Source: Microsoft-Windows-TaskScheduler
  Date: 2015-12-27T21:56:48.001
  Event ID: 322
  Task: Launch request ignored, instance already running
  Level: Warning
  Opcode: Info
  Keyword: N/A
  User: S-1-5-18
  User Name: NT AUTHORITY\SYSTEM
  Computer: ATAC-PRD02.dc.nova
  Description: 
Task Scheduler did not launch task "\Tmsr\999_Impostos"  because instance "{1989245C-1391-489F-80E9-0D6482DFEEF5}"  of the same task is already running.

Event[30]:
  Log Name: Microsoft-Windows-TaskScheduler/Operational
  Source: Microsoft-Windows-TaskScheduler
  Date: 2015-12-27T19:56:48.023
  Event ID: 101
  Task: Task Start Failed
  Level: Error
  Opcode: Launch Failure
  Keyword: N/A
  User: S-1-5-18
  User Name: NT AUTHORITY\SYSTEM
  Computer: ATAC-PRD02.dc.nova
  Description: 
Task Scheduler failed to start "\Tmsr\999_Impostos" task for user "DCNOVA\svc_atacado". Additional Data: Error Value: 2147750687.

Event[31]:
  Log Name: Microsoft-Windows-TaskScheduler/Operational
  Source: Microsoft-Windows-TaskScheduler
  Date: 2015-12-27T19:56:48.023
  Event ID: 322
  Task: Launch request ignored, instance already running
  Level: Warning
  Opcode: Info
  Keyword: N/A
  User: S-1-5-18
  User Name: NT AUTHORITY\SYSTEM
  Computer: ATAC-PRD02.dc.nova
  Description: 
Task Scheduler did not launch task "\Tmsr\999_Impostos"  because instance "{1989245C-1391-489F-80E9-0D6482DFEEF5}"  of the same task is already running.

Event[32]:
  Log Name: Microsoft-Windows-TaskScheduler/Operational
  Source: Microsoft-Windows-TaskScheduler
  Date: 2015-12-27T17:56:48.004
  Event ID: 101
  Task: Task Start Failed
  Level: Error
  Opcode: Launch Failure
  Keyword: N/A
  User: S-1-5-18
  User Name: NT AUTHORITY\SYSTEM
  Computer: ATAC-PRD02.dc.nova
  Description: 
Task Scheduler failed to start "\Tmsr\999_Impostos" task for user "DCNOVA\svc_atacado". Additional Data: Error Value: 2147750687.

Event[33]:
  Log Name: Microsoft-Windows-TaskScheduler/Operational
  Source: Microsoft-Windows-TaskScheduler
  Date: 2015-12-27T17:56:48.004
  Event ID: 322
  Task: Launch request ignored, instance already running
  Level: Warning
  Opcode: Info
  Keyword: N/A
  User: S-1-5-18
  User Name: NT AUTHORITY\SYSTEM
  Computer: ATAC-PRD02.dc.nova
  Description: 
Task Scheduler did not launch task "\Tmsr\999_Impostos"  because instance "{1989245C-1391-489F-80E9-0D6482DFEEF5}"  of the same task is already running.

Event[34]:
  Log Name: Microsoft-Windows-TaskScheduler/Operational
  Source: Microsoft-Windows-TaskScheduler
  Date: 2015-12-27T15:56:47.999
  Event ID: 101
  Task: Task Start Failed
  Level: Error
  Opcode: Launch Failure
  Keyword: N/A
  User: S-1-5-18
  User Name: NT AUTHORITY\SYSTEM
  Computer: ATAC-PRD02.dc.nova
  Description: 
Task Scheduler failed to start "\Tmsr\999_Impostos" task for user "DCNOVA\svc_atacado". Additional Data: Error Value: 2147750687.

Event[35]:
  Log Name: Microsoft-Windows-TaskScheduler/Operational
  Source: Microsoft-Windows-TaskScheduler
  Date: 2015-12-27T15:56:47.999
  Event ID: 322
  Task: Launch request ignored, instance already running
  Level: Warning
  Opcode: Info
  Keyword: N/A
  User: S-1-5-18
  User Name: NT AUTHORITY\SYSTEM
  Computer: ATAC-PRD02.dc.nova
  Description: 
Task Scheduler did not launch task "\Tmsr\999_Impostos"  because instance "{1989245C-1391-489F-80E9-0D6482DFEEF5}"  of the same task is already running.

Event[36]:
  Log Name: Microsoft-Windows-TaskScheduler/Operational
  Source: Microsoft-Windows-TaskScheduler
  Date: 2015-12-27T12:12:57.213
  Event ID: 101
  Task: Task Start Failed
  Level: Error
  Opcode: Launch Failure
  Keyword: N/A
  User: S-1-5-18
  User Name: NT AUTHORITY\SYSTEM
  Computer: ATAC-PRD02.dc.nova
  Description: 
Task Scheduler failed to start "\Tmsr\800_LITE_PED" task for user "DCNOVA\svc_atacado". Additional Data: Error Value: 2147750687.

Event[37]:
  Log Name: Microsoft-Windows-TaskScheduler/Operational
  Source: Microsoft-Windows-TaskScheduler
  Date: 2015-12-27T12:12:57.213
  Event ID: 322
  Task: Launch request ignored, instance already running
  Level: Warning
  Opcode: Info
  Keyword: N/A
  User: S-1-5-18
  User Name: NT AUTHORITY\SYSTEM
  Computer: ATAC-PRD02.dc.nova
  Description: 
Task Scheduler did not launch task "\Tmsr\800_LITE_PED"  because instance "{165D5933-B35E-4CD7-BD3A-2FFE65DA304A}"  of the same task is already running.

Event[38]:
  Log Name: Microsoft-Windows-TaskScheduler/Operational
  Source: Microsoft-Windows-TaskScheduler
  Date: 2015-12-27T11:56:48.008
  Event ID: 101
  Task: Task Start Failed
  Level: Error
  Opcode: Launch Failure
  Keyword: N/A
  User: S-1-5-18
  User Name: NT AUTHORITY\SYSTEM
  Computer: ATAC-PRD02.dc.nova
  Description: 
Task Scheduler failed to start "\Tmsr\999_Impostos" task for user "DCNOVA\svc_atacado". Additional Data: Error Value: 2147750687.

Event[39]:
  Log Name: Microsoft-Windows-TaskScheduler/Operational
  Source: Microsoft-Windows-TaskScheduler
  Date: 2015-12-27T11:56:48.008
  Event ID: 322
  Task: Launch request ignored, instance already running
  Level: Warning
  Opcode: Info
  Keyword: N/A
  User: S-1-5-18
  User Name: NT AUTHORITY\SYSTEM
  Computer: ATAC-PRD02.dc.nova
  Description: 
Task Scheduler did not launch task "\Tmsr\999_Impostos"  because instance "{131960A2-0CEC-4BFE-A075-9BA424BC26D1}"  of the same task is already running.

Event[40]:
  Log Name: Microsoft-Windows-TaskScheduler/Operational
  Source: Microsoft-Windows-TaskScheduler
  Date: 2015-12-27T09:56:48.015
  Event ID: 101
  Task: Task Start Failed
  Level: Error
  Opcode: Launch Failure
  Keyword: N/A
  User: S-1-5-18
  User Name: NT AUTHORITY\SYSTEM
  Computer: ATAC-PRD02.dc.nova
  Description: 
Task Scheduler failed to start "\Tmsr\999_Impostos" task for user "DCNOVA\svc_atacado". Additional Data: Error Value: 2147750687.

Event[41]:
  Log Name: Microsoft-Windows-TaskScheduler/Operational
  Source: Microsoft-Windows-TaskScheduler
  Date: 2015-12-27T09:56:48.015
  Event ID: 322
  Task: Launch request ignored, instance already running
  Level: Warning
  Opcode: Info
  Keyword: N/A
  User: S-1-5-18
  User Name: NT AUTHORITY\SYSTEM
  Computer: ATAC-PRD02.dc.nova
  Description: 
Task Scheduler did not launch task "\Tmsr\999_Impostos"  because instance "{131960A2-0CEC-4BFE-A075-9BA424BC26D1}"  of the same task is already running.

Event[42]:
  Log Name: Microsoft-Windows-TaskScheduler/Operational
  Source: Microsoft-Windows-TaskScheduler
  Date: 2015-12-27T07:56:48.004
  Event ID: 101
  Task: Task Start Failed
  Level: Error
  Opcode: Launch Failure
  Keyword: N/A
  User: S-1-5-18
  User Name: NT AUTHORITY\SYSTEM
  Computer: ATAC-PRD02.dc.nova
  Description: 
Task Scheduler failed to start "\Tmsr\999_Impostos" task for user "DCNOVA\svc_atacado". Additional Data: Error Value: 2147750687.

Event[43]:
  Log Name: Microsoft-Windows-TaskScheduler/Operational
  Source: Microsoft-Windows-TaskScheduler
  Date: 2015-12-27T07:56:48.004
  Event ID: 322
  Task: Launch request ignored, instance already running
  Level: Warning
  Opcode: Info
  Keyword: N/A
  User: S-1-5-18
  User Name: NT AUTHORITY\SYSTEM
  Computer: ATAC-PRD02.dc.nova
  Description: 
Task Scheduler did not launch task "\Tmsr\999_Impostos"  because instance "{131960A2-0CEC-4BFE-A075-9BA424BC26D1}"  of the same task is already running.

Event[44]:
  Log Name: Microsoft-Windows-TaskScheduler/Operational
  Source: Microsoft-Windows-TaskScheduler
  Date: 2015-12-27T05:56:47.999
  Event ID: 101
  Task: Task Start Failed
  Level: Error
  Opcode: Launch Failure
  Keyword: N/A
  User: S-1-5-18
  User Name: NT AUTHORITY\SYSTEM
  Computer: ATAC-PRD02.dc.nova
  Description: 
Task Scheduler failed to start "\Tmsr\999_Impostos" task for user "DCNOVA\svc_atacado". Additional Data: Error Value: 2147750687.

Event[45]:
  Log Name: Microsoft-Windows-TaskScheduler/Operational
  Source: Microsoft-Windows-TaskScheduler
  Date: 2015-12-27T05:56:47.999
  Event ID: 322
  Task: Launch request ignored, instance already running
  Level: Warning
  Opcode: Info
  Keyword: N/A
  User: S-1-5-18
  User Name: NT AUTHORITY\SYSTEM
  Computer: ATAC-PRD02.dc.nova
  Description: 
Task Scheduler did not launch task "\Tmsr\999_Impostos"  because instance "{131960A2-0CEC-4BFE-A075-9BA424BC26D1}"  of the same task is already running.

Event[46]:
  Log Name: Microsoft-Windows-TaskScheduler/Operational
  Source: Microsoft-Windows-TaskScheduler
  Date: 2015-12-27T01:56:48.012
  Event ID: 101
  Task: Task Start Failed
  Level: Error
  Opcode: Launch Failure
  Keyword: N/A
  User: S-1-5-18
  User Name: NT AUTHORITY\SYSTEM
  Computer: ATAC-PRD02.dc.nova
  Description: 
Task Scheduler failed to start "\Tmsr\999_Impostos" task for user "DCNOVA\svc_atacado". Additional Data: Error Value: 2147750687.

Event[47]:
  Log Name: Microsoft-Windows-TaskScheduler/Operational
  Source: Microsoft-Windows-TaskScheduler
  Date: 2015-12-27T01:56:48.012
  Event ID: 322
  Task: Launch request ignored, instance already running
  Level: Warning
  Opcode: Info
  Keyword: N/A
  User: S-1-5-18
  User Name: NT AUTHORITY\SYSTEM
  Computer: ATAC-PRD02.dc.nova
  Description: 
Task Scheduler did not launch task "\Tmsr\999_Impostos"  because instance "{E859C65A-A8D4-402E-B183-9156BD76EDCD}"  of the same task is already running.

Event[48]:
  Log Name: Microsoft-Windows-TaskScheduler/Operational
  Source: Microsoft-Windows-TaskScheduler
  Date: 2015-12-26T23:56:48.008
  Event ID: 101
  Task: Task Start Failed
  Level: Error
  Opcode: Launch Failure
  Keyword: N/A
  User: S-1-5-18
  User Name: NT AUTHORITY\SYSTEM
  Computer: ATAC-PRD02.dc.nova
  Description: 
Task Scheduler failed to start "\Tmsr\999_Impostos" task for user "DCNOVA\svc_atacado". Additional Data: Error Value: 2147750687.

Event[49]:
  Log Name: Microsoft-Windows-TaskScheduler/Operational
  Source: Microsoft-Windows-TaskScheduler
  Date: 2015-12-26T23:56:48.008
  Event ID: 322
  Task: Launch request ignored, instance already running
  Level: Warning
  Opcode: Info
  Keyword: N/A
  User: S-1-5-18
  User Name: NT AUTHORITY\SYSTEM
  Computer: ATAC-PRD02.dc.nova
  Description: 
Task Scheduler did not launch task "\Tmsr\999_Impostos"  because instance "{E859C65A-A8D4-402E-B183-9156BD76EDCD}"  of the same task is already running.

Event[50]:
  Log Name: Microsoft-Windows-TaskScheduler/Operational
  Source: Microsoft-Windows-TaskScheduler
  Date: 2015-12-26T21:56:48.000
  Event ID: 101
  Task: Task Start Failed
  Level: Error
  Opcode: Launch Failure
  Keyword: N/A
  User: S-1-5-18
  User Name: NT AUTHORITY\SYSTEM
  Computer: ATAC-PRD02.dc.nova
  Description: 
Task Scheduler failed to start "\Tmsr\999_Impostos" task for user "DCNOVA\svc_atacado". Additional Data: Error Value: 2147750687.

Event[51]:
  Log Name: Microsoft-Windows-TaskScheduler/Operational
  Source: Microsoft-Windows-TaskScheduler
  Date: 2015-12-26T21:56:48.000
  Event ID: 322
  Task: Launch request ignored, instance already running
  Level: Warning
  Opcode: Info
  Keyword: N/A
  User: S-1-5-18
  User Name: NT AUTHORITY\SYSTEM
  Computer: ATAC-PRD02.dc.nova
  Description: 
Task Scheduler did not launch task "\Tmsr\999_Impostos"  because instance "{E859C65A-A8D4-402E-B183-9156BD76EDCD}"  of the same task is already running.

Event[52]:
  Log Name: Microsoft-Windows-TaskScheduler/Operational
  Source: Microsoft-Windows-TaskScheduler
  Date: 2015-12-26T21:08:16.010
  Event ID: 101
  Task: Task Start Failed
  Level: Error
  Opcode: Launch Failure
  Keyword: N/A
  User: S-1-5-18
  User Name: NT AUTHORITY\SYSTEM
  Computer: ATAC-PRD02.dc.nova
  Description: 
Task Scheduler failed to start "\Tmsr\799_LITE" task for user "DCNOVA\svc_atacado". Additional Data: Error Value: 2147750687.

Event[53]:
  Log Name: Microsoft-Windows-TaskScheduler/Operational
  Source: Microsoft-Windows-TaskScheduler
  Date: 2015-12-26T21:08:16.010
  Event ID: 322
  Task: Launch request ignored, instance already running
  Level: Warning
  Opcode: Info
  Keyword: N/A
  User: S-1-5-18
  User Name: NT AUTHORITY\SYSTEM
  Computer: ATAC-PRD02.dc.nova
  Description: 
Task Scheduler did not launch task "\Tmsr\799_LITE"  because instance "{8EF3EAB8-F6DE-4AB1-BCD2-E5AC1E8A8DFA}"  of the same task is already running.

Event[54]:
  Log Name: Microsoft-Windows-TaskScheduler/Operational
  Source: Microsoft-Windows-TaskScheduler
  Date: 2015-12-26T19:56:47.981
  Event ID: 101
  Task: Task Start Failed
  Level: Error
  Opcode: Launch Failure
  Keyword: N/A
  User: S-1-5-18
  User Name: NT AUTHORITY\SYSTEM
  Computer: ATAC-PRD02.dc.nova
  Description: 
Task Scheduler failed to start "\Tmsr\999_Impostos" task for user "DCNOVA\svc_atacado". Additional Data: Error Value: 2147750687.

Event[55]:
  Log Name: Microsoft-Windows-TaskScheduler/Operational
  Source: Microsoft-Windows-TaskScheduler
  Date: 2015-12-26T19:56:47.981
  Event ID: 322
  Task: Launch request ignored, instance already running
  Level: Warning
  Opcode: Info
  Keyword: N/A
  User: S-1-5-18
  User Name: NT AUTHORITY\SYSTEM
  Computer: ATAC-PRD02.dc.nova
  Description: 
Task Scheduler did not launch task "\Tmsr\999_Impostos"  because instance "{E859C65A-A8D4-402E-B183-9156BD76EDCD}"  of the same task is already running.

Event[56]:
  Log Name: Microsoft-Windows-TaskScheduler/Operational
  Source: Microsoft-Windows-TaskScheduler
  Date: 2015-12-26T17:12:57.206
  Event ID: 101
  Task: Task Start Failed
  Level: Error
  Opcode: Launch Failure
  Keyword: N/A
  User: S-1-5-18
  User Name: NT AUTHORITY\SYSTEM
  Computer: ATAC-PRD02.dc.nova
  Description: 
Task Scheduler failed to start "\Tmsr\800_LITE_PED" task for user "DCNOVA\svc_atacado". Additional Data: Error Value: 2147750687.

Event[57]:
  Log Name: Microsoft-Windows-TaskScheduler/Operational
  Source: Microsoft-Windows-TaskScheduler
  Date: 2015-12-26T17:12:57.206
  Event ID: 322
  Task: Launch request ignored, instance already running
  Level: Warning
  Opcode: Info
  Keyword: N/A
  User: S-1-5-18
  User Name: NT AUTHORITY\SYSTEM
  Computer: ATAC-PRD02.dc.nova
  Description: 
Task Scheduler did not launch task "\Tmsr\800_LITE_PED"  because instance "{2FFE31C0-E098-4AA8-8702-BCB439BDC705}"  of the same task is already running.

Event[58]:
  Log Name: Microsoft-Windows-TaskScheduler/Operational
  Source: Microsoft-Windows-TaskScheduler
  Date: 2015-12-26T15:56:48.009
  Event ID: 101
  Task: Task Start Failed
  Level: Error
  Opcode: Launch Failure
  Keyword: N/A
  User: S-1-5-18
  User Name: NT AUTHORITY\SYSTEM
  Computer: ATAC-PRD02.dc.nova
  Description: 
Task Scheduler failed to start "\Tmsr\999_Impostos" task for user "DCNOVA\svc_atacado". Additional Data: Error Value: 2147750687.

Event[59]:
  Log Name: Microsoft-Windows-TaskScheduler/Operational
  Source: Microsoft-Windows-TaskScheduler
  Date: 2015-12-26T15:56:48.009
  Event ID: 322
  Task: Launch request ignored, instance already running
  Level: Warning
  Opcode: Info
  Keyword: N/A
  User: S-1-5-18
  User Name: NT AUTHORITY\SYSTEM
  Computer: ATAC-PRD02.dc.nova
  Description: 
Task Scheduler did not launch task "\Tmsr\999_Impostos"  because instance "{D1BF0079-8CAC-4E67-A841-77BEBC758960}"  of the same task is already running.

Event[60]:
  Log Name: Microsoft-Windows-TaskScheduler/Operational
  Source: Microsoft-Windows-TaskScheduler
  Date: 2015-12-26T13:56:47.986
  Event ID: 101
  Task: Task Start Failed
  Level: Error
  Opcode: Launch Failure
  Keyword: N/A
  User: S-1-5-18
  User Name: NT AUTHORITY\SYSTEM
  Computer: ATAC-PRD02.dc.nova
  Description: 
Task Scheduler failed to start "\Tmsr\999_Impostos" task for user "DCNOVA\svc_atacado". Additional Data: Error Value: 2147750687.

Event[61]:
  Log Name: Microsoft-Windows-TaskScheduler/Operational
  Source: Microsoft-Windows-TaskScheduler
  Date: 2015-12-26T13:56:47.986
  Event ID: 322
  Task: Launch request ignored, instance already running
  Level: Warning
  Opcode: Info
  Keyword: N/A
  User: S-1-5-18
  User Name: NT AUTHORITY\SYSTEM
  Computer: ATAC-PRD02.dc.nova
  Description: 
Task Scheduler did not launch task "\Tmsr\999_Impostos"  because instance "{D1BF0079-8CAC-4E67-A841-77BEBC758960}"  of the same task is already running.

Event[62]:
  Log Name: Microsoft-Windows-TaskScheduler/Operational
  Source: Microsoft-Windows-TaskScheduler
  Date: 2015-12-26T11:56:48.009
  Event ID: 101
  Task: Task Start Failed
  Level: Error
  Opcode: Launch Failure
  Keyword: N/A
  User: S-1-5-18
  User Name: NT AUTHORITY\SYSTEM
  Computer: ATAC-PRD02.dc.nova
  Description: 
Task Scheduler failed to start "\Tmsr\999_Impostos" task for user "DCNOVA\svc_atacado". Additional Data: Error Value: 2147750687.

Event[63]:
  Log Name: Microsoft-Windows-TaskScheduler/Operational
  Source: Microsoft-Windows-TaskScheduler
  Date: 2015-12-26T11:56:48.009
  Event ID: 322
  Task: Launch request ignored, instance already running
  Level: Warning
  Opcode: Info
  Keyword: N/A
  User: S-1-5-18
  User Name: NT AUTHORITY\SYSTEM
  Computer: ATAC-PRD02.dc.nova
  Description: 
Task Scheduler did not launch task "\Tmsr\999_Impostos"  because instance "{D1BF0079-8CAC-4E67-A841-77BEBC758960}"  of the same task is already running.

Event[64]:
  Log Name: Microsoft-Windows-TaskScheduler/Operational
  Source: Microsoft-Windows-TaskScheduler
  Date: 2015-12-26T09:56:48.014
  Event ID: 101
  Task: Task Start Failed
  Level: Error
  Opcode: Launch Failure
  Keyword: N/A
  User: S-1-5-18
  User Name: NT AUTHORITY\SYSTEM
  Computer: ATAC-PRD02.dc.nova
  Description: 
Task Scheduler failed to start "\Tmsr\999_Impostos" task for user "DCNOVA\svc_atacado". Additional Data: Error Value: 2147750687.

Event[65]:
  Log Name: Microsoft-Windows-TaskScheduler/Operational
  Source: Microsoft-Windows-TaskScheduler
  Date: 2015-12-26T09:56:48.014
  Event ID: 322
  Task: Launch request ignored, instance already running
  Level: Warning
  Opcode: Info
  Keyword: N/A
  User: S-1-5-18
  User Name: NT AUTHORITY\SYSTEM
  Computer: ATAC-PRD02.dc.nova
  Description: 
Task Scheduler did not launch task "\Tmsr\999_Impostos"  because instance "{D1BF0079-8CAC-4E67-A841-77BEBC758960}"  of the same task is already running.

Event[66]:
  Log Name: Microsoft-Windows-TaskScheduler/Operational
  Source: Microsoft-Windows-TaskScheduler
  Date: 2015-12-26T08:18:16.207
  Event ID: 101
  Task: Task Start Failed
  Level: Error
  Opcode: Launch Failure
  Keyword: N/A
  User: S-1-5-18
  User Name: NT AUTHORITY\SYSTEM
  Computer: ATAC-PRD02.dc.nova
  Description: 
Task Scheduler failed to start "\Tmsr\799_LITE" task for user "DCNOVA\svc_atacado". Additional Data: Error Value: 2147750687.

Event[67]:
  Log Name: Microsoft-Windows-TaskScheduler/Operational
  Source: Microsoft-Windows-TaskScheduler
  Date: 2015-12-26T08:18:16.207
  Event ID: 322
  Task: Launch request ignored, instance already running
  Level: Warning
  Opcode: Info
  Keyword: N/A
  User: S-1-5-18
  User Name: NT AUTHORITY\SYSTEM
  Computer: ATAC-PRD02.dc.nova
  Description: 
Task Scheduler did not launch task "\Tmsr\799_LITE"  because instance "{6C07C199-2B2F-407A-80B2-E058C872492E}"  of the same task is already running.

Event[68]:
  Log Name: Microsoft-Windows-TaskScheduler/Operational
  Source: Microsoft-Windows-TaskScheduler
  Date: 2015-12-26T06:58:16.013
  Event ID: 101
  Task: Task Start Failed
  Level: Error
  Opcode: Launch Failure
  Keyword: N/A
  User: S-1-5-18
  User Name: NT AUTHORITY\SYSTEM
  Computer: ATAC-PRD02.dc.nova
  Description: 
Task Scheduler failed to start "\Tmsr\799_LITE" task for user "DCNOVA\svc_atacado". Additional Data: Error Value: 2147750687.

Event[69]:
  Log Name: Microsoft-Windows-TaskScheduler/Operational
  Source: Microsoft-Windows-TaskScheduler
  Date: 2015-12-26T06:58:16.013
  Event ID: 322
  Task: Launch request ignored, instance already running
  Level: Warning
  Opcode: Info
  Keyword: N/A
  User: S-1-5-18
  User Name: NT AUTHORITY\SYSTEM
  Computer: ATAC-PRD02.dc.nova
  Description: 
Task Scheduler did not launch task "\Tmsr\799_LITE"  because instance "{279E1C42-C740-4795-90DB-252098C3C261}"  of the same task is already running.

Event[70]:
  Log Name: Microsoft-Windows-TaskScheduler/Operational
  Source: Microsoft-Windows-TaskScheduler
  Date: 2015-12-26T05:56:48.011
  Event ID: 101
  Task: Task Start Failed
  Level: Error
  Opcode: Launch Failure
  Keyword: N/A
  User: S-1-5-18
  User Name: NT AUTHORITY\SYSTEM
  Computer: ATAC-PRD02.dc.nova
  Description: 
Task Scheduler failed to start "\Tmsr\999_Impostos" task for user "DCNOVA\svc_atacado". Additional Data: Error Value: 2147750687.

Event[71]:
  Log Name: Microsoft-Windows-TaskScheduler/Operational
  Source: Microsoft-Windows-TaskScheduler
  Date: 2015-12-26T05:56:48.011
  Event ID: 322
  Task: Launch request ignored, instance already running
  Level: Warning
  Opcode: Info
  Keyword: N/A
  User: S-1-5-18
  User Name: NT AUTHORITY\SYSTEM
  Computer: ATAC-PRD02.dc.nova
  Description: 
Task Scheduler did not launch task "\Tmsr\999_Impostos"  because instance "{758888B4-B6DD-47F1-8433-D49DEA6F6412}"  of the same task is already running.

Event[72]:
  Log Name: Microsoft-Windows-TaskScheduler/Operational
  Source: Microsoft-Windows-TaskScheduler
  Date: 2015-12-26T03:56:48.000
  Event ID: 101
  Task: Task Start Failed
  Level: Error
  Opcode: Launch Failure
  Keyword: N/A
  User: S-1-5-18
  User Name: NT AUTHORITY\SYSTEM
  Computer: ATAC-PRD02.dc.nova
  Description: 
Task Scheduler failed to start "\Tmsr\999_Impostos" task for user "DCNOVA\svc_atacado". Additional Data: Error Value: 2147750687.

Event[73]:
  Log Name: Microsoft-Windows-TaskScheduler/Operational
  Source: Microsoft-Windows-TaskScheduler
  Date: 2015-12-26T03:56:48.000
  Event ID: 322
  Task: Launch request ignored, instance already running
  Level: Warning
  Opcode: Info
  Keyword: N/A
  User: S-1-5-18
  User Name: NT AUTHORITY\SYSTEM
  Computer: ATAC-PRD02.dc.nova
  Description: 
Task Scheduler did not launch task "\Tmsr\999_Impostos"  because instance "{758888B4-B6DD-47F1-8433-D49DEA6F6412}"  of the same task is already running.

Event[74]:
  Log Name: Microsoft-Windows-TaskScheduler/Operational
  Source: Microsoft-Windows-TaskScheduler
  Date: 2015-12-26T01:56:48.011
  Event ID: 101
  Task: Task Start Failed
  Level: Error
  Opcode: Launch Failure
  Keyword: N/A
  User: S-1-5-18
  User Name: NT AUTHORITY\SYSTEM
  Computer: ATAC-PRD02.dc.nova
  Description: 
Task Scheduler failed to start "\Tmsr\999_Impostos" task for user "DCNOVA\svc_atacado". Additional Data: Error Value: 2147750687.

Event[75]:
  Log Name: Microsoft-Windows-TaskScheduler/Operational
  Source: Microsoft-Windows-TaskScheduler
  Date: 2015-12-26T01:56:48.011
  Event ID: 322
  Task: Launch request ignored, instance already running
  Level: Warning
  Opcode: Info
  Keyword: N/A
  User: S-1-5-18
  User Name: NT AUTHORITY\SYSTEM
  Computer: ATAC-PRD02.dc.nova
  Description: 
Task Scheduler did not launch task "\Tmsr\999_Impostos"  because instance "{758888B4-B6DD-47F1-8433-D49DEA6F6412}"  of the same task is already running.

Event[76]:
  Log Name: Microsoft-Windows-TaskScheduler/Operational
  Source: Microsoft-Windows-TaskScheduler
  Date: 2015-12-25T23:56:48.007
  Event ID: 101
  Task: Task Start Failed
  Level: Error
  Opcode: Launch Failure
  Keyword: N/A
  User: S-1-5-18
  User Name: NT AUTHORITY\SYSTEM
  Computer: ATAC-PRD02.dc.nova
  Description: 
Task Scheduler failed to start "\Tmsr\999_Impostos" task for user "DCNOVA\svc_atacado". Additional Data: Error Value: 2147750687.

Event[77]:
  Log Name: Microsoft-Windows-TaskScheduler/Operational
  Source: Microsoft-Windows-TaskScheduler
  Date: 2015-12-25T23:56:48.007
  Event ID: 322
  Task: Launch request ignored, instance already running
  Level: Warning
  Opcode: Info
  Keyword: N/A
  User: S-1-5-18
  User Name: NT AUTHORITY\SYSTEM
  Computer: ATAC-PRD02.dc.nova
  Description: 
Task Scheduler did not launch task "\Tmsr\999_Impostos"  because instance "{758888B4-B6DD-47F1-8433-D49DEA6F6412}"  of the same task is already running.

Event[78]:
  Log Name: Microsoft-Windows-TaskScheduler/Operational
  Source: Microsoft-Windows-TaskScheduler
  Date: 2015-12-25T23:18:16.208
  Event ID: 101
  Task: Task Start Failed
  Level: Error
  Opcode: Launch Failure
  Keyword: N/A
  User: S-1-5-18
  User Name: NT AUTHORITY\SYSTEM
  Computer: ATAC-PRD02.dc.nova
  Description: 
Task Scheduler failed to start "\Tmsr\799_LITE" task for user "DCNOVA\svc_atacado". Additional Data: Error Value: 2147750687.

Event[79]:
  Log Name: Microsoft-Windows-TaskScheduler/Operational
  Source: Microsoft-Windows-TaskScheduler
  Date: 2015-12-25T23:18:16.208
  Event ID: 322
  Task: Launch request ignored, instance already running
  Level: Warning
  Opcode: Info
  Keyword: N/A
  User: S-1-5-18
  User Name: NT AUTHORITY\SYSTEM
  Computer: ATAC-PRD02.dc.nova
  Description: 
Task Scheduler did not launch task "\Tmsr\799_LITE"  because instance "{8A2B8E60-9803-4591-8DED-36BE75CC482B}"  of the same task is already running.

Event[80]:
  Log Name: Microsoft-Windows-TaskScheduler/Operational
  Source: Microsoft-Windows-TaskScheduler
  Date: 2015-12-25T19:56:48.021
  Event ID: 101
  Task: Task Start Failed
  Level: Error
  Opcode: Launch Failure
  Keyword: N/A
  User: S-1-5-18
  User Name: NT AUTHORITY\SYSTEM
  Computer: ATAC-PRD02.dc.nova
  Description: 
Task Scheduler failed to start "\Tmsr\999_Impostos" task for user "DCNOVA\svc_atacado". Additional Data: Error Value: 2147750687.

Event[81]:
  Log Name: Microsoft-Windows-TaskScheduler/Operational
  Source: Microsoft-Windows-TaskScheduler
  Date: 2015-12-25T19:56:48.021
  Event ID: 322
  Task: Launch request ignored, instance already running
  Level: Warning
  Opcode: Info
  Keyword: N/A
  User: S-1-5-18
  User Name: NT AUTHORITY\SYSTEM
  Computer: ATAC-PRD02.dc.nova
  Description: 
Task Scheduler did not launch task "\Tmsr\999_Impostos"  because instance "{B197D851-2B73-480D-8EA6-6BC2176CEC92}"  of the same task is already running.

Event[82]:
  Log Name: Microsoft-Windows-TaskScheduler/Operational
  Source: Microsoft-Windows-TaskScheduler
  Date: 2015-12-25T17:56:48.008
  Event ID: 101
  Task: Task Start Failed
  Level: Error
  Opcode: Launch Failure
  Keyword: N/A
  User: S-1-5-18
  User Name: NT AUTHORITY\SYSTEM
  Computer: ATAC-PRD02.dc.nova
  Description: 
Task Scheduler failed to start "\Tmsr\999_Impostos" task for user "DCNOVA\svc_atacado". Additional Data: Error Value: 2147750687.

Event[83]:
  Log Name: Microsoft-Windows-TaskScheduler/Operational
  Source: Microsoft-Windows-TaskScheduler
  Date: 2015-12-25T17:56:48.008
  Event ID: 322
  Task: Launch request ignored, instance already running
  Level: Warning
  Opcode: Info
  Keyword: N/A
  User: S-1-5-18
  User Name: NT AUTHORITY\SYSTEM
  Computer: ATAC-PRD02.dc.nova
  Description: 
Task Scheduler did not launch task "\Tmsr\999_Impostos"  because instance "{B197D851-2B73-480D-8EA6-6BC2176CEC92}"  of the same task is already running.

Event[84]:
  Log Name: Microsoft-Windows-TaskScheduler/Operational
  Source: Microsoft-Windows-TaskScheduler
  Date: 2015-12-25T16:54:35.008
  Event ID: 101
  Task: Task Start Failed
  Level: Error
  Opcode: Launch Failure
  Keyword: N/A
  User: S-1-5-18
  User Name: NT AUTHORITY\SYSTEM
  Computer: ATAC-PRD02.dc.nova
  Description: 
Task Scheduler failed to start "\Tmsr\899_Produtos" task for user "DCNOVA\svc_atacado". Additional Data: Error Value: 2147750687.

Event[85]:
  Log Name: Microsoft-Windows-TaskScheduler/Operational
  Source: Microsoft-Windows-TaskScheduler
  Date: 2015-12-25T16:54:35.008
  Event ID: 322
  Task: Launch request ignored, instance already running
  Level: Warning
  Opcode: Info
  Keyword: N/A
  User: S-1-5-18
  User Name: NT AUTHORITY\SYSTEM
  Computer: ATAC-PRD02.dc.nova
  Description: 
Task Scheduler did not launch task "\Tmsr\899_Produtos"  because instance "{18C404AA-E089-4AB7-8799-9A9ABDFE09B9}"  of the same task is already running.

Event[86]:
  Log Name: Microsoft-Windows-TaskScheduler/Operational
  Source: Microsoft-Windows-TaskScheduler
  Date: 2015-12-25T15:56:48.001
  Event ID: 101
  Task: Task Start Failed
  Level: Error
  Opcode: Launch Failure
  Keyword: N/A
  User: S-1-5-18
  User Name: NT AUTHORITY\SYSTEM
  Computer: ATAC-PRD02.dc.nova
  Description: 
Task Scheduler failed to start "\Tmsr\999_Impostos" task for user "DCNOVA\svc_atacado". Additional Data: Error Value: 2147750687.

Event[87]:
  Log Name: Microsoft-Windows-TaskScheduler/Operational
  Source: Microsoft-Windows-TaskScheduler
  Date: 2015-12-25T15:56:48.001
  Event ID: 322
  Task: Launch request ignored, instance already running
  Level: Warning
  Opcode: Info
  Keyword: N/A
  User: S-1-5-18
  User Name: NT AUTHORITY\SYSTEM
  Computer: ATAC-PRD02.dc.nova
  Description: 
Task Scheduler did not launch task "\Tmsr\999_Impostos"  because instance "{B197D851-2B73-480D-8EA6-6BC2176CEC92}"  of the same task is already running.

Event[88]:
  Log Name: Microsoft-Windows-TaskScheduler/Operational
  Source: Microsoft-Windows-TaskScheduler
  Date: 2015-12-25T15:54:35.013
  Event ID: 101
  Task: Task Start Failed
  Level: Error
  Opcode: Launch Failure
  Keyword: N/A
  User: S-1-5-18
  User Name: NT AUTHORITY\SYSTEM
  Computer: ATAC-PRD02.dc.nova
  Description: 
Task Scheduler failed to start "\Tmsr\899_Produtos" task for user "DCNOVA\svc_atacado". Additional Data: Error Value: 2147750687.

Event[89]:
  Log Name: Microsoft-Windows-TaskScheduler/Operational
  Source: Microsoft-Windows-TaskScheduler
  Date: 2015-12-25T15:54:35.013
  Event ID: 322
  Task: Launch request ignored, instance already running
  Level: Warning
  Opcode: Info
  Keyword: N/A
  User: S-1-5-18
  User Name: NT AUTHORITY\SYSTEM
  Computer: ATAC-PRD02.dc.nova
  Description: 
Task Scheduler did not launch task "\Tmsr\899_Produtos"  because instance "{96EF9C8F-1562-43A6-B6D2-725BCEB12D16}"  of the same task is already running.

Event[90]:
  Log Name: Microsoft-Windows-TaskScheduler/Operational
  Source: Microsoft-Windows-TaskScheduler
  Date: 2015-12-25T15:24:34.996
  Event ID: 101
  Task: Task Start Failed
  Level: Error
  Opcode: Launch Failure
  Keyword: N/A
  User: S-1-5-18
  User Name: NT AUTHORITY\SYSTEM
  Computer: ATAC-PRD02.dc.nova
  Description: 
Task Scheduler failed to start "\Tmsr\899_Produtos" task for user "DCNOVA\svc_atacado". Additional Data: Error Value: 2147750687.

Event[91]:
  Log Name: Microsoft-Windows-TaskScheduler/Operational
  Source: Microsoft-Windows-TaskScheduler
  Date: 2015-12-25T15:24:34.996
  Event ID: 322
  Task: Launch request ignored, instance already running
  Level: Warning
  Opcode: Info
  Keyword: N/A
  User: S-1-5-18
  User Name: NT AUTHORITY\SYSTEM
  Computer: ATAC-PRD02.dc.nova
  Description: 
Task Scheduler did not launch task "\Tmsr\899_Produtos"  because instance "{96EF9C8F-1562-43A6-B6D2-725BCEB12D16}"  of the same task is already running.

Event[92]:
  Log Name: Microsoft-Windows-TaskScheduler/Operational
  Source: Microsoft-Windows-TaskScheduler
  Date: 2015-12-25T14:54:34.998
  Event ID: 101
  Task: Task Start Failed
  Level: Error
  Opcode: Launch Failure
  Keyword: N/A
  User: S-1-5-18
  User Name: NT AUTHORITY\SYSTEM
  Computer: ATAC-PRD02.dc.nova
  Description: 
Task Scheduler failed to start "\Tmsr\899_Produtos" task for user "DCNOVA\svc_atacado". Additional Data: Error Value: 2147750687.

Event[93]:
  Log Name: Microsoft-Windows-TaskScheduler/Operational
  Source: Microsoft-Windows-TaskScheduler
  Date: 2015-12-25T14:54:34.998
  Event ID: 322
  Task: Launch request ignored, instance already running
  Level: Warning
  Opcode: Info
  Keyword: N/A
  User: S-1-5-18
  User Name: NT AUTHORITY\SYSTEM
  Computer: ATAC-PRD02.dc.nova
  Description: 
Task Scheduler did not launch task "\Tmsr\899_Produtos"  because instance "{96EF9C8F-1562-43A6-B6D2-725BCEB12D16}"  of the same task is already running.

Event[94]:
  Log Name: Microsoft-Windows-TaskScheduler/Operational
  Source: Microsoft-Windows-TaskScheduler
  Date: 2015-12-25T14:24:35.029
  Event ID: 101
  Task: Task Start Failed
  Level: Error
  Opcode: Launch Failure
  Keyword: N/A
  User: S-1-5-18
  User Name: NT AUTHORITY\SYSTEM
  Computer: ATAC-PRD02.dc.nova
  Description: 
Task Scheduler failed to start "\Tmsr\899_Produtos" task for user "DCNOVA\svc_atacado". Additional Data: Error Value: 2147750687.

Event[95]:
  Log Name: Microsoft-Windows-TaskScheduler/Operational
  Source: Microsoft-Windows-TaskScheduler
  Date: 2015-12-25T14:24:35.029
  Event ID: 322
  Task: Launch request ignored, instance already running
  Level: Warning
  Opcode: Info
  Keyword: N/A
  User: S-1-5-18
  User Name: NT AUTHORITY\SYSTEM
  Computer: ATAC-PRD02.dc.nova
  Description: 
Task Scheduler did not launch task "\Tmsr\899_Produtos"  because instance "{96EF9C8F-1562-43A6-B6D2-725BCEB12D16}"  of the same task is already running.

Event[96]:
  Log Name: Microsoft-Windows-TaskScheduler/Operational
  Source: Microsoft-Windows-TaskScheduler
  Date: 2015-12-25T13:56:48.001
  Event ID: 101
  Task: Task Start Failed
  Level: Error
  Opcode: Launch Failure
  Keyword: N/A
  User: S-1-5-18
  User Name: NT AUTHORITY\SYSTEM
  Computer: ATAC-PRD02.dc.nova
  Description: 
Task Scheduler failed to start "\Tmsr\999_Impostos" task for user "DCNOVA\svc_atacado". Additional Data: Error Value: 2147750687.

Event[97]:
  Log Name: Microsoft-Windows-TaskScheduler/Operational
  Source: Microsoft-Windows-TaskScheduler
  Date: 2015-12-25T13:56:48.001
  Event ID: 322
  Task: Launch request ignored, instance already running
  Level: Warning
  Opcode: Info
  Keyword: N/A
  User: S-1-5-18
  User Name: NT AUTHORITY\SYSTEM
  Computer: ATAC-PRD02.dc.nova
  Description: 
Task Scheduler did not launch task "\Tmsr\999_Impostos"  because instance "{B197D851-2B73-480D-8EA6-6BC2176CEC92}"  of the same task is already running.

Event[98]:
  Log Name: Microsoft-Windows-TaskScheduler/Operational
  Source: Microsoft-Windows-TaskScheduler
  Date: 2015-12-25T13:54:35.003
  Event ID: 101
  Task: Task Start Failed
  Level: Error
  Opcode: Launch Failure
  Keyword: N/A
  User: S-1-5-18
  User Name: NT AUTHORITY\SYSTEM
  Computer: ATAC-PRD02.dc.nova
  Description: 
Task Scheduler failed to start "\Tmsr\899_Produtos" task for user "DCNOVA\svc_atacado". Additional Data: Error Value: 2147750687.

Event[99]:
  Log Name: Microsoft-Windows-TaskScheduler/Operational
  Source: Microsoft-Windows-TaskScheduler
  Date: 2015-12-25T13:54:35.003
  Event ID: 322
  Task: Launch request ignored, instance already running
  Level: Warning
  Opcode: Info
  Keyword: N/A
  User: S-1-5-18
  User Name: NT AUTHORITY\SYSTEM
  Computer: ATAC-PRD02.dc.nova
  Description: 
Task Scheduler did not launch task "\Tmsr\899_Produtos"  because instance "{96EF9C8F-1562-43A6-B6D2-725BCEB12D16}"  of the same task is already running.

Event[100]:
  Log Name: Microsoft-Windows-TaskScheduler/Operational
  Source: Microsoft-Windows-TaskScheduler
  Date: 2015-12-25T13:24:34.942
  Event ID: 101
  Task: Task Start Failed
  Level: Error
  Opcode: Launch Failure
  Keyword: N/A
  User: S-1-5-18
  User Name: NT AUTHORITY\SYSTEM
  Computer: ATAC-PRD02.dc.nova
  Description: 
Task Scheduler failed to start "\Tmsr\899_Produtos" task for user "DCNOVA\svc_atacado". Additional Data: Error Value: 2147750687.

Event[101]:
  Log Name: Microsoft-Windows-TaskScheduler/Operational
  Source: Microsoft-Windows-TaskScheduler
  Date: 2015-12-25T13:24:34.942
  Event ID: 322
  Task: Launch request ignored, instance already running
  Level: Warning
  Opcode: Info
  Keyword: N/A
  User: S-1-5-18
  User Name: NT AUTHORITY\SYSTEM
  Computer: ATAC-PRD02.dc.nova
  Description: 
Task Scheduler did not launch task "\Tmsr\899_Produtos"  because instance "{96EF9C8F-1562-43A6-B6D2-725BCEB12D16}"  of the same task is already running.

Event[102]:
